#
# A fatal error has been detected by the Java Runtime Environment:
#
#  EXCEPTION_ACCESS_VIOLATION (0xc0000005) at pc=0x0000000064b2606a, pid=11820, tid=16968
#
# JRE version: OpenJDK Runtime Environment Corretto-11.0.13.8.1 (11.0.13+8) (build 11.0.13+8-LTS)
# Java VM: OpenJDK 64-Bit Server VM Corretto-11.0.13.8.1 (11.0.13+8-LTS, mixed mode, tiered, compressed oops, g1 gc, windows-amd64)
# Problematic frame:
# C  [imgui-java64.dll+0x12606a]
#
# No core dump will be written. Minidumps are not enabled by default on client versions of Windows
#
# If you would like to submit a bug report, please visit:
#   https://github.com/corretto/corretto-11/issues/
# The crash happened outside the Java Virtual Machine in native code.
# See problematic frame for where to report the bug.
#

---------------  S U M M A R Y ------------

Command Line: -Dfile.encoding=windows-1252 -Duser.country=GB -Duser.language=en -Duser.variant -ea Main java.library.path=libs

Host: AMD Ryzen 5 1600 Six-Core Processor            , 12 cores, 15G,  Windows 10 , 64 bit Build 19041 (10.0.19041.1503)
Time: Sun Feb 20 16:21:33 2022 GMT Standard Time elapsed time: 3.027698 seconds (0d 0h 0m 3s)

---------------  T H R E A D  ---------------

Current thread (0x000002817f17e800):  JavaThread "main" [_thread_in_native, id=16968, stack(0x000000ceaba00000,0x000000ceabb00000)]

Stack: [0x000000ceaba00000,0x000000ceabb00000],  sp=0x000000ceabaff480,  free space=1021k
Native frames: (J=compiled Java code, j=interpreted, Vv=VM code, C=native code)
C  [imgui-java64.dll+0x12606a]

Java frames: (J=compiled Java code, j=interpreted, Vv=VM code)
j  imgui.ImGui.text(Ljava/lang/String;)V+0
j  Main.main([Ljava/lang/String;)V+10
v  ~StubRoutines::call_stub

siginfo: EXCEPTION_ACCESS_VIOLATION (0xc0000005), reading address 0x0000000000001d28


Register to memory mapping:

RIP=0x0000000064b2606a imgui-java64.dll
RAX=0x0000000064fb9148 imgui-java64.dll
RBX=0x0000028128580190 points into unknown readable memory: 0x77202c6f6c6c6548 | 48 65 6c 6c 6f 2c 20 77
RCX=0x0000028128580190 points into unknown readable memory: 0x77202c6f6c6c6548 | 48 65 6c 6c 6f 2c 20 77
RDX=0x0 is NULL
RSP=0x000000ceabaff480 is pointing into the stack for thread: 0x000002817f17e800
RBP=0x000000ceabaff608 is pointing into the stack for thread: 0x000002817f17e800
RSI=0x0000000000000140 is an unknown value
RDI=0x000002810865a527 is at code_begin+2343 in an Interpreter codelet
invoke return entry points  [0x0000028108659c00, 0x000002810865a600]  2560 bytes
R8 =0x0000000000000001 is an unknown value
R9 =0x0000000000000001 is an unknown value
R10=0x000002812858019d points into unknown readable memory: 00 00 00
R11=0x000000ceabaff530 is pointing into the stack for thread: 0x000002817f17e800
R12=0x000002817f17eb48 points into unknown readable memory: 0x0000028123e6ca80 | 80 ca e6 23 81 02 00 00
R13=0x0 is NULL
R14=0x000000ceabaff628 is pointing into the stack for thread: 0x000002817f17e800
R15=0x000002817f17e800 is a thread


Registers:
RAX=0x0000000064fb9148, RBX=0x0000028128580190, RCX=0x0000028128580190, RDX=0x0000000000000000
RSP=0x000000ceabaff480, RBP=0x000000ceabaff608, RSI=0x0000000000000140, RDI=0x000002810865a527
R8 =0x0000000000000001, R9 =0x0000000000000001, R10=0x000002812858019d, R11=0x000000ceabaff530
R12=0x000002817f17eb48, R13=0x0000000000000000, R14=0x000000ceabaff628, R15=0x000002817f17e800
RIP=0x0000000064b2606a, EFLAGS=0x0000000000010202

Top of Stack: (sp=0x000000ceabaff480)
0x000000ceabaff480:   000000070fd8ff78 00007fff6e06cdbb
0x000000ceabaff490:   000000000000000e 000000070fd8ff60
0x000000ceabaff4a0:   000000000000000d 0000000000000000
0x000000ceabaff4b0:   000000070fd8ff60 00007fff6e0b52a8
0x000000ceabaff4c0:   0000000000000000 0000000000000000
0x000000ceabaff4d0:   0000000000000000 0000000000000000
0x000000ceabaff4e0:   0000000000000000 0000000000000000
0x000000ceabaff4f0:   0000000000000000 0000000000000000
0x000000ceabaff500:   0000000000000000 0000000000000000
0x000000ceabaff510:   0000028128580190 0000000000000140
0x000000ceabaff520:   000002810865a527 000000ceabaff608
0x000000ceabaff530:   000002817f17eb48 000000ceabaff628
0x000000ceabaff540:   000000ceabaff628 0000000064a91d8b
0x000000ceabaff550:   000002812b59cb20 000000ceabaff608
0x000000ceabaff560:   0000000000000140 000002812b59cb20
0x000000ceabaff570:   000002812b59cb20 0000000000000000 

Instructions: (pc=0x0000000064b2606a)
0x0000000064b25f6a:   e2 4c 89 e9 e8 6d d4 ff ff 41 8b 44 24 04 41 8b
0x0000000064b25f7a:   4c 24 08 41 8b 55 04 39 c8 0f 85 0e f8 ff ff e9
0x0000000064b25f8a:   2c f8 ff ff 41 be 01 00 00 00 e9 dc f7 ff ff 39
0x0000000064b25f9a:   c1 74 18 7d 07 41 89 4c 24 04 89 c8 41 89 04 24
0x0000000064b25faa:   41 89 44 24 08 41 c6 44 24 16 00 41 8b 55 04 41
0x0000000064b25fba:   39 14 24 0f 8e fa f5 ff ff 41 89 14 24 e9 f1 f5
0x0000000064b25fca:   ff ff c7 44 24 3c 01 00 00 00 e9 a0 f5 ff ff 39
0x0000000064b25fda:   ca 0f 8d d9 f7 ff ff e9 c4 f7 ff ff 41 8b 04 24
0x0000000064b25fea:   41 89 44 24 08 41 89 44 24 04 41 8b 55 04 e9 bd
0x0000000064b25ffa:   f7 ff ff 39 ca 0f 8d b8 f5 ff ff 41 89 54 24 08
0x0000000064b2600a:   39 d0 75 ab 41 89 04 24 eb a5 41 8b 04 24 41 89
0x0000000064b2601a:   44 24 08 41 89 44 24 04 eb 91 31 ed e9 17 f9 ff
0x0000000064b2602a:   ff 0f 1f 44 00 00 41 56 41 55 41 54 55 57 56 53
0x0000000064b2603a:   48 81 ec 90 00 00 00 0f 11 74 24 40 0f 11 7c 24
0x0000000064b2604a:   50 44 0f 11 44 24 60 44 0f 11 4c 24 70 44 0f 11
0x0000000064b2605a:   94 24 80 00 00 00 48 8b 05 b9 5c 43 00 4c 8b 28
0x0000000064b2606a:   49 8b b5 28 1d 00 00 80 be cc 00 00 00 00 49 89
0x0000000064b2607a:   cc 48 89 d3 44 89 c7 c6 86 c9 00 00 00 01 0f 85
0x0000000064b2608a:   ec 00 00 00 f3 0f 10 be 14 01 00 00 f3 0f 10 b6
0x0000000064b2609a:   48 01 00 00 f3 44 0f 10 86 10 01 00 00 f3 44 0f
0x0000000064b260aa:   10 8e d0 01 00 00 48 39 d1 0f 84 f7 00 00 00 48
0x0000000064b260ba:   85 d2 75 09 e8 ad cc 0e 00 49 8d 1c 04 48 89 d8
0x0000000064b260ca:   f3 0f 58 f7 4c 29 e0 48 3d d0 07 00 00 0f 8e e1
0x0000000064b260da:   00 00 00 66 0f ef e4 44 0f 2f cc 0f 82 ed 00 00
0x0000000064b260ea:   00 48 8d 8e 10 01 00 00 41 0f 10 c9 e8 e5 86 f2
0x0000000064b260fa:   ff 0f 10 f8 45 31 c0 48 89 da 0f 10 df 4c 89 e1
0x0000000064b2610a:   e8 41 9b f2 ff 48 8d 4c 24 28 f3 44 0f 11 44 24
0x0000000064b2611a:   30 48 89 44 24 28 f3 0f 10 4c 24 28 f3 0f 10 44
0x0000000064b2612a:   24 2c f3 0f 11 74 24 34 f3 41 0f 58 c8 f3 0f 58
0x0000000064b2613a:   c6 f3 0f 11 4c 24 38 66 0f ef c9 f3 0f 11 44 24
0x0000000064b2614a:   3c e8 f0 f7 f2 ff 45 31 c9 45 31 c0 31 d2 48 8d
0x0000000064b2615a:   4c 24 30 e8 ce f9 f2 ff 84 c0 74 14 48 8b 4c 24 


Stack slot to memory mapping:
stack at sp + 0 slots: 0x000000070fd8ff78 is an oop: [B 
{0x000000070fd8ff78} - klass: {type array byte}
 - length: 13
stack at sp + 1 slots: 0x00007fff6e06cdbb jvm.dll
stack at sp + 2 slots: 0x000000000000000e is an unknown value
stack at sp + 3 slots: 0x000000070fd8ff60 is an oop: java.lang.String 
{0x000000070fd8ff60} - klass: 'java/lang/String'
stack at sp + 4 slots: 0x000000000000000d is an unknown value
stack at sp + 5 slots: 0x0 is NULL
stack at sp + 6 slots: 0x000000070fd8ff60 is an oop: java.lang.String 
{0x000000070fd8ff60} - klass: 'java/lang/String'
stack at sp + 7 slots: 0x00007fff6e0b52a8 jvm.dll


---------------  P R O C E S S  ---------------

Threads class SMR info:
_java_thread_list=0x0000028123e5b500, length=10, elements={
0x000002817f17e800, 0x00000281233c4800, 0x00000281233c5800, 0x0000028123cb6800,
0x0000028123cb8800, 0x0000028123cb9800, 0x0000028123cbc800, 0x0000028123cca000,
0x0000028123cd0000, 0x0000028123e62800
}

Java Threads: ( => current thread )
=>0x000002817f17e800 JavaThread "main" [_thread_in_native, id=16968, stack(0x000000ceaba00000,0x000000ceabb00000)]
  0x00000281233c4800 JavaThread "Reference Handler" daemon [_thread_blocked, id=3772, stack(0x000000ceac100000,0x000000ceac200000)]
  0x00000281233c5800 JavaThread "Finalizer" daemon [_thread_blocked, id=34356, stack(0x000000ceac200000,0x000000ceac300000)]
  0x0000028123cb6800 JavaThread "Signal Dispatcher" daemon [_thread_blocked, id=13972, stack(0x000000ceac300000,0x000000ceac400000)]
  0x0000028123cb8800 JavaThread "Attach Listener" daemon [_thread_blocked, id=22708, stack(0x000000ceac400000,0x000000ceac500000)]
  0x0000028123cb9800 JavaThread "Service Thread" daemon [_thread_blocked, id=25480, stack(0x000000ceac500000,0x000000ceac600000)]
  0x0000028123cbc800 JavaThread "C2 CompilerThread0" daemon [_thread_blocked, id=34188, stack(0x000000ceac600000,0x000000ceac700000)]
  0x0000028123cca000 JavaThread "C1 CompilerThread0" daemon [_thread_blocked, id=27720, stack(0x000000ceac700000,0x000000ceac800000)]
  0x0000028123cd0000 JavaThread "Sweeper thread" daemon [_thread_blocked, id=2376, stack(0x000000ceac800000,0x000000ceac900000)]
  0x0000028123e62800 JavaThread "Common-Cleaner" daemon [_thread_blocked, id=16004, stack(0x000000ceaca00000,0x000000ceacb00000)]

Other Threads:
  0x00000281233b2000 VMThread "VM Thread" [stack: 0x000000ceac000000,0x000000ceac100000] [id=7444]
  0x0000028123e61800 WatcherThread [stack: 0x000000ceac900000,0x000000ceaca00000] [id=17932]
  0x000002817f197000 GCTaskThread "GC Thread#0" [stack: 0x000000ceabb00000,0x000000ceabc00000] [id=25528]
  0x000002817f1f5000 ConcurrentGCThread "G1 Main Marker" [stack: 0x000000ceabc00000,0x000000ceabd00000] [id=14268]
  0x000002817f1f7800 ConcurrentGCThread "G1 Conc#0" [stack: 0x000000ceabd00000,0x000000ceabe00000] [id=4168]
  0x0000028123290800 ConcurrentGCThread "G1 Refine#0" [stack: 0x000000ceabe00000,0x000000ceabf00000] [id=26032]
  0x0000028123292800 ConcurrentGCThread "G1 Young RemSet Sampling" [stack: 0x000000ceabf00000,0x000000ceac000000] [id=34808]

Threads with active compile tasks:

VM state:not at safepoint (normal execution)

VM Mutex/Monitor currently owned by a thread: None

Heap address: 0x0000000700a00000, size: 4086 MB, Compressed Oops mode: Zero based, Oop shift amount: 3
Narrow klass base: 0x0000000800000000, Narrow klass shift: 0
Compressed class space size: 1073741824 Address: 0x0000000800000000

Heap:
 garbage-first heap   total 262144K, used 13312K [0x0000000700a00000, 0x0000000800000000)
  region size 1024K, 15 young (15360K), 0 survivors (0K)
 Metaspace       used 12835K, capacity 13026K, committed 13312K, reserved 1060864K
  class space    used 896K, capacity 975K, committed 1024K, reserved 1048576K
Heap Regions: E=young(eden), S=young(survivor), O=old, HS=humongous(starts), HC=humongous(continues), CS=collection set, F=free, A=archive, TAMS=top-at-mark-start (previous, next)
|   0|0x0000000700a00000, 0x0000000700a00000, 0x0000000700b00000|  0%| F|  |TAMS 0x0000000700a00000, 0x0000000700a00000| Untracked 
|   1|0x0000000700b00000, 0x0000000700b00000, 0x0000000700c00000|  0%| F|  |TAMS 0x0000000700b00000, 0x0000000700b00000| Untracked 
|   2|0x0000000700c00000, 0x0000000700c00000, 0x0000000700d00000|  0%| F|  |TAMS 0x0000000700c00000, 0x0000000700c00000| Untracked 
|   3|0x0000000700d00000, 0x0000000700d00000, 0x0000000700e00000|  0%| F|  |TAMS 0x0000000700d00000, 0x0000000700d00000| Untracked 
|   4|0x0000000700e00000, 0x0000000700e00000, 0x0000000700f00000|  0%| F|  |TAMS 0x0000000700e00000, 0x0000000700e00000| Untracked 
|   5|0x0000000700f00000, 0x0000000700f00000, 0x0000000701000000|  0%| F|  |TAMS 0x0000000700f00000, 0x0000000700f00000| Untracked 
|   6|0x0000000701000000, 0x0000000701000000, 0x0000000701100000|  0%| F|  |TAMS 0x0000000701000000, 0x0000000701000000| Untracked 
|   7|0x0000000701100000, 0x0000000701100000, 0x0000000701200000|  0%| F|  |TAMS 0x0000000701100000, 0x0000000701100000| Untracked 
|   8|0x0000000701200000, 0x0000000701200000, 0x0000000701300000|  0%| F|  |TAMS 0x0000000701200000, 0x0000000701200000| Untracked 
|   9|0x0000000701300000, 0x0000000701300000, 0x0000000701400000|  0%| F|  |TAMS 0x0000000701300000, 0x0000000701300000| Untracked 
|  10|0x0000000701400000, 0x0000000701400000, 0x0000000701500000|  0%| F|  |TAMS 0x0000000701400000, 0x0000000701400000| Untracked 
|  11|0x0000000701500000, 0x0000000701500000, 0x0000000701600000|  0%| F|  |TAMS 0x0000000701500000, 0x0000000701500000| Untracked 
|  12|0x0000000701600000, 0x0000000701600000, 0x0000000701700000|  0%| F|  |TAMS 0x0000000701600000, 0x0000000701600000| Untracked 
|  13|0x0000000701700000, 0x0000000701700000, 0x0000000701800000|  0%| F|  |TAMS 0x0000000701700000, 0x0000000701700000| Untracked 
|  14|0x0000000701800000, 0x0000000701800000, 0x0000000701900000|  0%| F|  |TAMS 0x0000000701800000, 0x0000000701800000| Untracked 
|  15|0x0000000701900000, 0x0000000701900000, 0x0000000701a00000|  0%| F|  |TAMS 0x0000000701900000, 0x0000000701900000| Untracked 
|  16|0x0000000701a00000, 0x0000000701a00000, 0x0000000701b00000|  0%| F|  |TAMS 0x0000000701a00000, 0x0000000701a00000| Untracked 
|  17|0x0000000701b00000, 0x0000000701b00000, 0x0000000701c00000|  0%| F|  |TAMS 0x0000000701b00000, 0x0000000701b00000| Untracked 
|  18|0x0000000701c00000, 0x0000000701c00000, 0x0000000701d00000|  0%| F|  |TAMS 0x0000000701c00000, 0x0000000701c00000| Untracked 
|  19|0x0000000701d00000, 0x0000000701d00000, 0x0000000701e00000|  0%| F|  |TAMS 0x0000000701d00000, 0x0000000701d00000| Untracked 
|  20|0x0000000701e00000, 0x0000000701e00000, 0x0000000701f00000|  0%| F|  |TAMS 0x0000000701e00000, 0x0000000701e00000| Untracked 
|  21|0x0000000701f00000, 0x0000000701f00000, 0x0000000702000000|  0%| F|  |TAMS 0x0000000701f00000, 0x0000000701f00000| Untracked 
|  22|0x0000000702000000, 0x0000000702000000, 0x0000000702100000|  0%| F|  |TAMS 0x0000000702000000, 0x0000000702000000| Untracked 
|  23|0x0000000702100000, 0x0000000702100000, 0x0000000702200000|  0%| F|  |TAMS 0x0000000702100000, 0x0000000702100000| Untracked 
|  24|0x0000000702200000, 0x0000000702200000, 0x0000000702300000|  0%| F|  |TAMS 0x0000000702200000, 0x0000000702200000| Untracked 
|  25|0x0000000702300000, 0x0000000702300000, 0x0000000702400000|  0%| F|  |TAMS 0x0000000702300000, 0x0000000702300000| Untracked 
|  26|0x0000000702400000, 0x0000000702400000, 0x0000000702500000|  0%| F|  |TAMS 0x0000000702400000, 0x0000000702400000| Untracked 
|  27|0x0000000702500000, 0x0000000702500000, 0x0000000702600000|  0%| F|  |TAMS 0x0000000702500000, 0x0000000702500000| Untracked 
|  28|0x0000000702600000, 0x0000000702600000, 0x0000000702700000|  0%| F|  |TAMS 0x0000000702600000, 0x0000000702600000| Untracked 
|  29|0x0000000702700000, 0x0000000702700000, 0x0000000702800000|  0%| F|  |TAMS 0x0000000702700000, 0x0000000702700000| Untracked 
|  30|0x0000000702800000, 0x0000000702800000, 0x0000000702900000|  0%| F|  |TAMS 0x0000000702800000, 0x0000000702800000| Untracked 
|  31|0x0000000702900000, 0x0000000702900000, 0x0000000702a00000|  0%| F|  |TAMS 0x0000000702900000, 0x0000000702900000| Untracked 
|  32|0x0000000702a00000, 0x0000000702a00000, 0x0000000702b00000|  0%| F|  |TAMS 0x0000000702a00000, 0x0000000702a00000| Untracked 
|  33|0x0000000702b00000, 0x0000000702b00000, 0x0000000702c00000|  0%| F|  |TAMS 0x0000000702b00000, 0x0000000702b00000| Untracked 
|  34|0x0000000702c00000, 0x0000000702c00000, 0x0000000702d00000|  0%| F|  |TAMS 0x0000000702c00000, 0x0000000702c00000| Untracked 
|  35|0x0000000702d00000, 0x0000000702d00000, 0x0000000702e00000|  0%| F|  |TAMS 0x0000000702d00000, 0x0000000702d00000| Untracked 
|  36|0x0000000702e00000, 0x0000000702e00000, 0x0000000702f00000|  0%| F|  |TAMS 0x0000000702e00000, 0x0000000702e00000| Untracked 
|  37|0x0000000702f00000, 0x0000000702f00000, 0x0000000703000000|  0%| F|  |TAMS 0x0000000702f00000, 0x0000000702f00000| Untracked 
|  38|0x0000000703000000, 0x0000000703000000, 0x0000000703100000|  0%| F|  |TAMS 0x0000000703000000, 0x0000000703000000| Untracked 
|  39|0x0000000703100000, 0x0000000703100000, 0x0000000703200000|  0%| F|  |TAMS 0x0000000703100000, 0x0000000703100000| Untracked 
|  40|0x0000000703200000, 0x0000000703200000, 0x0000000703300000|  0%| F|  |TAMS 0x0000000703200000, 0x0000000703200000| Untracked 
|  41|0x0000000703300000, 0x0000000703300000, 0x0000000703400000|  0%| F|  |TAMS 0x0000000703300000, 0x0000000703300000| Untracked 
|  42|0x0000000703400000, 0x0000000703400000, 0x0000000703500000|  0%| F|  |TAMS 0x0000000703400000, 0x0000000703400000| Untracked 
|  43|0x0000000703500000, 0x0000000703500000, 0x0000000703600000|  0%| F|  |TAMS 0x0000000703500000, 0x0000000703500000| Untracked 
|  44|0x0000000703600000, 0x0000000703600000, 0x0000000703700000|  0%| F|  |TAMS 0x0000000703600000, 0x0000000703600000| Untracked 
|  45|0x0000000703700000, 0x0000000703700000, 0x0000000703800000|  0%| F|  |TAMS 0x0000000703700000, 0x0000000703700000| Untracked 
|  46|0x0000000703800000, 0x0000000703800000, 0x0000000703900000|  0%| F|  |TAMS 0x0000000703800000, 0x0000000703800000| Untracked 
|  47|0x0000000703900000, 0x0000000703900000, 0x0000000703a00000|  0%| F|  |TAMS 0x0000000703900000, 0x0000000703900000| Untracked 
|  48|0x0000000703a00000, 0x0000000703a00000, 0x0000000703b00000|  0%| F|  |TAMS 0x0000000703a00000, 0x0000000703a00000| Untracked 
|  49|0x0000000703b00000, 0x0000000703b00000, 0x0000000703c00000|  0%| F|  |TAMS 0x0000000703b00000, 0x0000000703b00000| Untracked 
|  50|0x0000000703c00000, 0x0000000703c00000, 0x0000000703d00000|  0%| F|  |TAMS 0x0000000703c00000, 0x0000000703c00000| Untracked 
|  51|0x0000000703d00000, 0x0000000703d00000, 0x0000000703e00000|  0%| F|  |TAMS 0x0000000703d00000, 0x0000000703d00000| Untracked 
|  52|0x0000000703e00000, 0x0000000703e00000, 0x0000000703f00000|  0%| F|  |TAMS 0x0000000703e00000, 0x0000000703e00000| Untracked 
|  53|0x0000000703f00000, 0x0000000703f00000, 0x0000000704000000|  0%| F|  |TAMS 0x0000000703f00000, 0x0000000703f00000| Untracked 
|  54|0x0000000704000000, 0x0000000704000000, 0x0000000704100000|  0%| F|  |TAMS 0x0000000704000000, 0x0000000704000000| Untracked 
|  55|0x0000000704100000, 0x0000000704100000, 0x0000000704200000|  0%| F|  |TAMS 0x0000000704100000, 0x0000000704100000| Untracked 
|  56|0x0000000704200000, 0x0000000704200000, 0x0000000704300000|  0%| F|  |TAMS 0x0000000704200000, 0x0000000704200000| Untracked 
|  57|0x0000000704300000, 0x0000000704300000, 0x0000000704400000|  0%| F|  |TAMS 0x0000000704300000, 0x0000000704300000| Untracked 
|  58|0x0000000704400000, 0x0000000704400000, 0x0000000704500000|  0%| F|  |TAMS 0x0000000704400000, 0x0000000704400000| Untracked 
|  59|0x0000000704500000, 0x0000000704500000, 0x0000000704600000|  0%| F|  |TAMS 0x0000000704500000, 0x0000000704500000| Untracked 
|  60|0x0000000704600000, 0x0000000704600000, 0x0000000704700000|  0%| F|  |TAMS 0x0000000704600000, 0x0000000704600000| Untracked 
|  61|0x0000000704700000, 0x0000000704700000, 0x0000000704800000|  0%| F|  |TAMS 0x0000000704700000, 0x0000000704700000| Untracked 
|  62|0x0000000704800000, 0x0000000704800000, 0x0000000704900000|  0%| F|  |TAMS 0x0000000704800000, 0x0000000704800000| Untracked 
|  63|0x0000000704900000, 0x0000000704900000, 0x0000000704a00000|  0%| F|  |TAMS 0x0000000704900000, 0x0000000704900000| Untracked 
|  64|0x0000000704a00000, 0x0000000704a00000, 0x0000000704b00000|  0%| F|  |TAMS 0x0000000704a00000, 0x0000000704a00000| Untracked 
|  65|0x0000000704b00000, 0x0000000704b00000, 0x0000000704c00000|  0%| F|  |TAMS 0x0000000704b00000, 0x0000000704b00000| Untracked 
|  66|0x0000000704c00000, 0x0000000704c00000, 0x0000000704d00000|  0%| F|  |TAMS 0x0000000704c00000, 0x0000000704c00000| Untracked 
|  67|0x0000000704d00000, 0x0000000704d00000, 0x0000000704e00000|  0%| F|  |TAMS 0x0000000704d00000, 0x0000000704d00000| Untracked 
|  68|0x0000000704e00000, 0x0000000704e00000, 0x0000000704f00000|  0%| F|  |TAMS 0x0000000704e00000, 0x0000000704e00000| Untracked 
|  69|0x0000000704f00000, 0x0000000704f00000, 0x0000000705000000|  0%| F|  |TAMS 0x0000000704f00000, 0x0000000704f00000| Untracked 
|  70|0x0000000705000000, 0x0000000705000000, 0x0000000705100000|  0%| F|  |TAMS 0x0000000705000000, 0x0000000705000000| Untracked 
|  71|0x0000000705100000, 0x0000000705100000, 0x0000000705200000|  0%| F|  |TAMS 0x0000000705100000, 0x0000000705100000| Untracked 
|  72|0x0000000705200000, 0x0000000705200000, 0x0000000705300000|  0%| F|  |TAMS 0x0000000705200000, 0x0000000705200000| Untracked 
|  73|0x0000000705300000, 0x0000000705300000, 0x0000000705400000|  0%| F|  |TAMS 0x0000000705300000, 0x0000000705300000| Untracked 
|  74|0x0000000705400000, 0x0000000705400000, 0x0000000705500000|  0%| F|  |TAMS 0x0000000705400000, 0x0000000705400000| Untracked 
|  75|0x0000000705500000, 0x0000000705500000, 0x0000000705600000|  0%| F|  |TAMS 0x0000000705500000, 0x0000000705500000| Untracked 
|  76|0x0000000705600000, 0x0000000705600000, 0x0000000705700000|  0%| F|  |TAMS 0x0000000705600000, 0x0000000705600000| Untracked 
|  77|0x0000000705700000, 0x0000000705700000, 0x0000000705800000|  0%| F|  |TAMS 0x0000000705700000, 0x0000000705700000| Untracked 
|  78|0x0000000705800000, 0x0000000705800000, 0x0000000705900000|  0%| F|  |TAMS 0x0000000705800000, 0x0000000705800000| Untracked 
|  79|0x0000000705900000, 0x0000000705900000, 0x0000000705a00000|  0%| F|  |TAMS 0x0000000705900000, 0x0000000705900000| Untracked 
|  80|0x0000000705a00000, 0x0000000705a00000, 0x0000000705b00000|  0%| F|  |TAMS 0x0000000705a00000, 0x0000000705a00000| Untracked 
|  81|0x0000000705b00000, 0x0000000705b00000, 0x0000000705c00000|  0%| F|  |TAMS 0x0000000705b00000, 0x0000000705b00000| Untracked 
|  82|0x0000000705c00000, 0x0000000705c00000, 0x0000000705d00000|  0%| F|  |TAMS 0x0000000705c00000, 0x0000000705c00000| Untracked 
|  83|0x0000000705d00000, 0x0000000705d00000, 0x0000000705e00000|  0%| F|  |TAMS 0x0000000705d00000, 0x0000000705d00000| Untracked 
|  84|0x0000000705e00000, 0x0000000705e00000, 0x0000000705f00000|  0%| F|  |TAMS 0x0000000705e00000, 0x0000000705e00000| Untracked 
|  85|0x0000000705f00000, 0x0000000705f00000, 0x0000000706000000|  0%| F|  |TAMS 0x0000000705f00000, 0x0000000705f00000| Untracked 
|  86|0x0000000706000000, 0x0000000706000000, 0x0000000706100000|  0%| F|  |TAMS 0x0000000706000000, 0x0000000706000000| Untracked 
|  87|0x0000000706100000, 0x0000000706100000, 0x0000000706200000|  0%| F|  |TAMS 0x0000000706100000, 0x0000000706100000| Untracked 
|  88|0x0000000706200000, 0x0000000706200000, 0x0000000706300000|  0%| F|  |TAMS 0x0000000706200000, 0x0000000706200000| Untracked 
|  89|0x0000000706300000, 0x0000000706300000, 0x0000000706400000|  0%| F|  |TAMS 0x0000000706300000, 0x0000000706300000| Untracked 
|  90|0x0000000706400000, 0x0000000706400000, 0x0000000706500000|  0%| F|  |TAMS 0x0000000706400000, 0x0000000706400000| Untracked 
|  91|0x0000000706500000, 0x0000000706500000, 0x0000000706600000|  0%| F|  |TAMS 0x0000000706500000, 0x0000000706500000| Untracked 
|  92|0x0000000706600000, 0x0000000706600000, 0x0000000706700000|  0%| F|  |TAMS 0x0000000706600000, 0x0000000706600000| Untracked 
|  93|0x0000000706700000, 0x0000000706700000, 0x0000000706800000|  0%| F|  |TAMS 0x0000000706700000, 0x0000000706700000| Untracked 
|  94|0x0000000706800000, 0x0000000706800000, 0x0000000706900000|  0%| F|  |TAMS 0x0000000706800000, 0x0000000706800000| Untracked 
|  95|0x0000000706900000, 0x0000000706900000, 0x0000000706a00000|  0%| F|  |TAMS 0x0000000706900000, 0x0000000706900000| Untracked 
|  96|0x0000000706a00000, 0x0000000706a00000, 0x0000000706b00000|  0%| F|  |TAMS 0x0000000706a00000, 0x0000000706a00000| Untracked 
|  97|0x0000000706b00000, 0x0000000706b00000, 0x0000000706c00000|  0%| F|  |TAMS 0x0000000706b00000, 0x0000000706b00000| Untracked 
|  98|0x0000000706c00000, 0x0000000706c00000, 0x0000000706d00000|  0%| F|  |TAMS 0x0000000706c00000, 0x0000000706c00000| Untracked 
|  99|0x0000000706d00000, 0x0000000706d00000, 0x0000000706e00000|  0%| F|  |TAMS 0x0000000706d00000, 0x0000000706d00000| Untracked 
| 100|0x0000000706e00000, 0x0000000706e00000, 0x0000000706f00000|  0%| F|  |TAMS 0x0000000706e00000, 0x0000000706e00000| Untracked 
| 101|0x0000000706f00000, 0x0000000706f00000, 0x0000000707000000|  0%| F|  |TAMS 0x0000000706f00000, 0x0000000706f00000| Untracked 
| 102|0x0000000707000000, 0x0000000707000000, 0x0000000707100000|  0%| F|  |TAMS 0x0000000707000000, 0x0000000707000000| Untracked 
| 103|0x0000000707100000, 0x0000000707100000, 0x0000000707200000|  0%| F|  |TAMS 0x0000000707100000, 0x0000000707100000| Untracked 
| 104|0x0000000707200000, 0x0000000707200000, 0x0000000707300000|  0%| F|  |TAMS 0x0000000707200000, 0x0000000707200000| Untracked 
| 105|0x0000000707300000, 0x0000000707300000, 0x0000000707400000|  0%| F|  |TAMS 0x0000000707300000, 0x0000000707300000| Untracked 
| 106|0x0000000707400000, 0x0000000707400000, 0x0000000707500000|  0%| F|  |TAMS 0x0000000707400000, 0x0000000707400000| Untracked 
| 107|0x0000000707500000, 0x0000000707500000, 0x0000000707600000|  0%| F|  |TAMS 0x0000000707500000, 0x0000000707500000| Untracked 
| 108|0x0000000707600000, 0x0000000707600000, 0x0000000707700000|  0%| F|  |TAMS 0x0000000707600000, 0x0000000707600000| Untracked 
| 109|0x0000000707700000, 0x0000000707700000, 0x0000000707800000|  0%| F|  |TAMS 0x0000000707700000, 0x0000000707700000| Untracked 
| 110|0x0000000707800000, 0x0000000707800000, 0x0000000707900000|  0%| F|  |TAMS 0x0000000707800000, 0x0000000707800000| Untracked 
| 111|0x0000000707900000, 0x0000000707900000, 0x0000000707a00000|  0%| F|  |TAMS 0x0000000707900000, 0x0000000707900000| Untracked 
| 112|0x0000000707a00000, 0x0000000707a00000, 0x0000000707b00000|  0%| F|  |TAMS 0x0000000707a00000, 0x0000000707a00000| Untracked 
| 113|0x0000000707b00000, 0x0000000707b00000, 0x0000000707c00000|  0%| F|  |TAMS 0x0000000707b00000, 0x0000000707b00000| Untracked 
| 114|0x0000000707c00000, 0x0000000707c00000, 0x0000000707d00000|  0%| F|  |TAMS 0x0000000707c00000, 0x0000000707c00000| Untracked 
| 115|0x0000000707d00000, 0x0000000707d00000, 0x0000000707e00000|  0%| F|  |TAMS 0x0000000707d00000, 0x0000000707d00000| Untracked 
| 116|0x0000000707e00000, 0x0000000707e00000, 0x0000000707f00000|  0%| F|  |TAMS 0x0000000707e00000, 0x0000000707e00000| Untracked 
| 117|0x0000000707f00000, 0x0000000707f00000, 0x0000000708000000|  0%| F|  |TAMS 0x0000000707f00000, 0x0000000707f00000| Untracked 
| 118|0x0000000708000000, 0x0000000708000000, 0x0000000708100000|  0%| F|  |TAMS 0x0000000708000000, 0x0000000708000000| Untracked 
| 119|0x0000000708100000, 0x0000000708100000, 0x0000000708200000|  0%| F|  |TAMS 0x0000000708100000, 0x0000000708100000| Untracked 
| 120|0x0000000708200000, 0x0000000708200000, 0x0000000708300000|  0%| F|  |TAMS 0x0000000708200000, 0x0000000708200000| Untracked 
| 121|0x0000000708300000, 0x0000000708300000, 0x0000000708400000|  0%| F|  |TAMS 0x0000000708300000, 0x0000000708300000| Untracked 
| 122|0x0000000708400000, 0x0000000708400000, 0x0000000708500000|  0%| F|  |TAMS 0x0000000708400000, 0x0000000708400000| Untracked 
| 123|0x0000000708500000, 0x0000000708500000, 0x0000000708600000|  0%| F|  |TAMS 0x0000000708500000, 0x0000000708500000| Untracked 
| 124|0x0000000708600000, 0x0000000708600000, 0x0000000708700000|  0%| F|  |TAMS 0x0000000708600000, 0x0000000708600000| Untracked 
| 125|0x0000000708700000, 0x0000000708700000, 0x0000000708800000|  0%| F|  |TAMS 0x0000000708700000, 0x0000000708700000| Untracked 
| 126|0x0000000708800000, 0x0000000708800000, 0x0000000708900000|  0%| F|  |TAMS 0x0000000708800000, 0x0000000708800000| Untracked 
| 127|0x0000000708900000, 0x0000000708900000, 0x0000000708a00000|  0%| F|  |TAMS 0x0000000708900000, 0x0000000708900000| Untracked 
| 128|0x0000000708a00000, 0x0000000708a00000, 0x0000000708b00000|  0%| F|  |TAMS 0x0000000708a00000, 0x0000000708a00000| Untracked 
| 129|0x0000000708b00000, 0x0000000708b00000, 0x0000000708c00000|  0%| F|  |TAMS 0x0000000708b00000, 0x0000000708b00000| Untracked 
| 130|0x0000000708c00000, 0x0000000708c00000, 0x0000000708d00000|  0%| F|  |TAMS 0x0000000708c00000, 0x0000000708c00000| Untracked 
| 131|0x0000000708d00000, 0x0000000708d00000, 0x0000000708e00000|  0%| F|  |TAMS 0x0000000708d00000, 0x0000000708d00000| Untracked 
| 132|0x0000000708e00000, 0x0000000708e00000, 0x0000000708f00000|  0%| F|  |TAMS 0x0000000708e00000, 0x0000000708e00000| Untracked 
| 133|0x0000000708f00000, 0x0000000708f00000, 0x0000000709000000|  0%| F|  |TAMS 0x0000000708f00000, 0x0000000708f00000| Untracked 
| 134|0x0000000709000000, 0x0000000709000000, 0x0000000709100000|  0%| F|  |TAMS 0x0000000709000000, 0x0000000709000000| Untracked 
| 135|0x0000000709100000, 0x0000000709100000, 0x0000000709200000|  0%| F|  |TAMS 0x0000000709100000, 0x0000000709100000| Untracked 
| 136|0x0000000709200000, 0x0000000709200000, 0x0000000709300000|  0%| F|  |TAMS 0x0000000709200000, 0x0000000709200000| Untracked 
| 137|0x0000000709300000, 0x0000000709300000, 0x0000000709400000|  0%| F|  |TAMS 0x0000000709300000, 0x0000000709300000| Untracked 
| 138|0x0000000709400000, 0x0000000709400000, 0x0000000709500000|  0%| F|  |TAMS 0x0000000709400000, 0x0000000709400000| Untracked 
| 139|0x0000000709500000, 0x0000000709500000, 0x0000000709600000|  0%| F|  |TAMS 0x0000000709500000, 0x0000000709500000| Untracked 
| 140|0x0000000709600000, 0x0000000709600000, 0x0000000709700000|  0%| F|  |TAMS 0x0000000709600000, 0x0000000709600000| Untracked 
| 141|0x0000000709700000, 0x0000000709700000, 0x0000000709800000|  0%| F|  |TAMS 0x0000000709700000, 0x0000000709700000| Untracked 
| 142|0x0000000709800000, 0x0000000709800000, 0x0000000709900000|  0%| F|  |TAMS 0x0000000709800000, 0x0000000709800000| Untracked 
| 143|0x0000000709900000, 0x0000000709900000, 0x0000000709a00000|  0%| F|  |TAMS 0x0000000709900000, 0x0000000709900000| Untracked 
| 144|0x0000000709a00000, 0x0000000709a00000, 0x0000000709b00000|  0%| F|  |TAMS 0x0000000709a00000, 0x0000000709a00000| Untracked 
| 145|0x0000000709b00000, 0x0000000709b00000, 0x0000000709c00000|  0%| F|  |TAMS 0x0000000709b00000, 0x0000000709b00000| Untracked 
| 146|0x0000000709c00000, 0x0000000709c00000, 0x0000000709d00000|  0%| F|  |TAMS 0x0000000709c00000, 0x0000000709c00000| Untracked 
| 147|0x0000000709d00000, 0x0000000709d00000, 0x0000000709e00000|  0%| F|  |TAMS 0x0000000709d00000, 0x0000000709d00000| Untracked 
| 148|0x0000000709e00000, 0x0000000709e00000, 0x0000000709f00000|  0%| F|  |TAMS 0x0000000709e00000, 0x0000000709e00000| Untracked 
| 149|0x0000000709f00000, 0x0000000709f00000, 0x000000070a000000|  0%| F|  |TAMS 0x0000000709f00000, 0x0000000709f00000| Untracked 
| 150|0x000000070a000000, 0x000000070a000000, 0x000000070a100000|  0%| F|  |TAMS 0x000000070a000000, 0x000000070a000000| Untracked 
| 151|0x000000070a100000, 0x000000070a100000, 0x000000070a200000|  0%| F|  |TAMS 0x000000070a100000, 0x000000070a100000| Untracked 
| 152|0x000000070a200000, 0x000000070a200000, 0x000000070a300000|  0%| F|  |TAMS 0x000000070a200000, 0x000000070a200000| Untracked 
| 153|0x000000070a300000, 0x000000070a300000, 0x000000070a400000|  0%| F|  |TAMS 0x000000070a300000, 0x000000070a300000| Untracked 
| 154|0x000000070a400000, 0x000000070a400000, 0x000000070a500000|  0%| F|  |TAMS 0x000000070a400000, 0x000000070a400000| Untracked 
| 155|0x000000070a500000, 0x000000070a500000, 0x000000070a600000|  0%| F|  |TAMS 0x000000070a500000, 0x000000070a500000| Untracked 
| 156|0x000000070a600000, 0x000000070a600000, 0x000000070a700000|  0%| F|  |TAMS 0x000000070a600000, 0x000000070a600000| Untracked 
| 157|0x000000070a700000, 0x000000070a700000, 0x000000070a800000|  0%| F|  |TAMS 0x000000070a700000, 0x000000070a700000| Untracked 
| 158|0x000000070a800000, 0x000000070a800000, 0x000000070a900000|  0%| F|  |TAMS 0x000000070a800000, 0x000000070a800000| Untracked 
| 159|0x000000070a900000, 0x000000070a900000, 0x000000070aa00000|  0%| F|  |TAMS 0x000000070a900000, 0x000000070a900000| Untracked 
| 160|0x000000070aa00000, 0x000000070aa00000, 0x000000070ab00000|  0%| F|  |TAMS 0x000000070aa00000, 0x000000070aa00000| Untracked 
| 161|0x000000070ab00000, 0x000000070ab00000, 0x000000070ac00000|  0%| F|  |TAMS 0x000000070ab00000, 0x000000070ab00000| Untracked 
| 162|0x000000070ac00000, 0x000000070ac00000, 0x000000070ad00000|  0%| F|  |TAMS 0x000000070ac00000, 0x000000070ac00000| Untracked 
| 163|0x000000070ad00000, 0x000000070ad00000, 0x000000070ae00000|  0%| F|  |TAMS 0x000000070ad00000, 0x000000070ad00000| Untracked 
| 164|0x000000070ae00000, 0x000000070ae00000, 0x000000070af00000|  0%| F|  |TAMS 0x000000070ae00000, 0x000000070ae00000| Untracked 
| 165|0x000000070af00000, 0x000000070af00000, 0x000000070b000000|  0%| F|  |TAMS 0x000000070af00000, 0x000000070af00000| Untracked 
| 166|0x000000070b000000, 0x000000070b000000, 0x000000070b100000|  0%| F|  |TAMS 0x000000070b000000, 0x000000070b000000| Untracked 
| 167|0x000000070b100000, 0x000000070b100000, 0x000000070b200000|  0%| F|  |TAMS 0x000000070b100000, 0x000000070b100000| Untracked 
| 168|0x000000070b200000, 0x000000070b200000, 0x000000070b300000|  0%| F|  |TAMS 0x000000070b200000, 0x000000070b200000| Untracked 
| 169|0x000000070b300000, 0x000000070b300000, 0x000000070b400000|  0%| F|  |TAMS 0x000000070b300000, 0x000000070b300000| Untracked 
| 170|0x000000070b400000, 0x000000070b400000, 0x000000070b500000|  0%| F|  |TAMS 0x000000070b400000, 0x000000070b400000| Untracked 
| 171|0x000000070b500000, 0x000000070b500000, 0x000000070b600000|  0%| F|  |TAMS 0x000000070b500000, 0x000000070b500000| Untracked 
| 172|0x000000070b600000, 0x000000070b600000, 0x000000070b700000|  0%| F|  |TAMS 0x000000070b600000, 0x000000070b600000| Untracked 
| 173|0x000000070b700000, 0x000000070b700000, 0x000000070b800000|  0%| F|  |TAMS 0x000000070b700000, 0x000000070b700000| Untracked 
| 174|0x000000070b800000, 0x000000070b800000, 0x000000070b900000|  0%| F|  |TAMS 0x000000070b800000, 0x000000070b800000| Untracked 
| 175|0x000000070b900000, 0x000000070b900000, 0x000000070ba00000|  0%| F|  |TAMS 0x000000070b900000, 0x000000070b900000| Untracked 
| 176|0x000000070ba00000, 0x000000070ba00000, 0x000000070bb00000|  0%| F|  |TAMS 0x000000070ba00000, 0x000000070ba00000| Untracked 
| 177|0x000000070bb00000, 0x000000070bb00000, 0x000000070bc00000|  0%| F|  |TAMS 0x000000070bb00000, 0x000000070bb00000| Untracked 
| 178|0x000000070bc00000, 0x000000070bc00000, 0x000000070bd00000|  0%| F|  |TAMS 0x000000070bc00000, 0x000000070bc00000| Untracked 
| 179|0x000000070bd00000, 0x000000070bd00000, 0x000000070be00000|  0%| F|  |TAMS 0x000000070bd00000, 0x000000070bd00000| Untracked 
| 180|0x000000070be00000, 0x000000070be00000, 0x000000070bf00000|  0%| F|  |TAMS 0x000000070be00000, 0x000000070be00000| Untracked 
| 181|0x000000070bf00000, 0x000000070bf00000, 0x000000070c000000|  0%| F|  |TAMS 0x000000070bf00000, 0x000000070bf00000| Untracked 
| 182|0x000000070c000000, 0x000000070c000000, 0x000000070c100000|  0%| F|  |TAMS 0x000000070c000000, 0x000000070c000000| Untracked 
| 183|0x000000070c100000, 0x000000070c100000, 0x000000070c200000|  0%| F|  |TAMS 0x000000070c100000, 0x000000070c100000| Untracked 
| 184|0x000000070c200000, 0x000000070c200000, 0x000000070c300000|  0%| F|  |TAMS 0x000000070c200000, 0x000000070c200000| Untracked 
| 185|0x000000070c300000, 0x000000070c300000, 0x000000070c400000|  0%| F|  |TAMS 0x000000070c300000, 0x000000070c300000| Untracked 
| 186|0x000000070c400000, 0x000000070c400000, 0x000000070c500000|  0%| F|  |TAMS 0x000000070c400000, 0x000000070c400000| Untracked 
| 187|0x000000070c500000, 0x000000070c500000, 0x000000070c600000|  0%| F|  |TAMS 0x000000070c500000, 0x000000070c500000| Untracked 
| 188|0x000000070c600000, 0x000000070c600000, 0x000000070c700000|  0%| F|  |TAMS 0x000000070c600000, 0x000000070c600000| Untracked 
| 189|0x000000070c700000, 0x000000070c700000, 0x000000070c800000|  0%| F|  |TAMS 0x000000070c700000, 0x000000070c700000| Untracked 
| 190|0x000000070c800000, 0x000000070c800000, 0x000000070c900000|  0%| F|  |TAMS 0x000000070c800000, 0x000000070c800000| Untracked 
| 191|0x000000070c900000, 0x000000070c900000, 0x000000070ca00000|  0%| F|  |TAMS 0x000000070c900000, 0x000000070c900000| Untracked 
| 192|0x000000070ca00000, 0x000000070ca00000, 0x000000070cb00000|  0%| F|  |TAMS 0x000000070ca00000, 0x000000070ca00000| Untracked 
| 193|0x000000070cb00000, 0x000000070cb00000, 0x000000070cc00000|  0%| F|  |TAMS 0x000000070cb00000, 0x000000070cb00000| Untracked 
| 194|0x000000070cc00000, 0x000000070cc00000, 0x000000070cd00000|  0%| F|  |TAMS 0x000000070cc00000, 0x000000070cc00000| Untracked 
| 195|0x000000070cd00000, 0x000000070cd00000, 0x000000070ce00000|  0%| F|  |TAMS 0x000000070cd00000, 0x000000070cd00000| Untracked 
| 196|0x000000070ce00000, 0x000000070ce00000, 0x000000070cf00000|  0%| F|  |TAMS 0x000000070ce00000, 0x000000070ce00000| Untracked 
| 197|0x000000070cf00000, 0x000000070cf00000, 0x000000070d000000|  0%| F|  |TAMS 0x000000070cf00000, 0x000000070cf00000| Untracked 
| 198|0x000000070d000000, 0x000000070d000000, 0x000000070d100000|  0%| F|  |TAMS 0x000000070d000000, 0x000000070d000000| Untracked 
| 199|0x000000070d100000, 0x000000070d100000, 0x000000070d200000|  0%| F|  |TAMS 0x000000070d100000, 0x000000070d100000| Untracked 
| 200|0x000000070d200000, 0x000000070d200000, 0x000000070d300000|  0%| F|  |TAMS 0x000000070d200000, 0x000000070d200000| Untracked 
| 201|0x000000070d300000, 0x000000070d300000, 0x000000070d400000|  0%| F|  |TAMS 0x000000070d300000, 0x000000070d300000| Untracked 
| 202|0x000000070d400000, 0x000000070d400000, 0x000000070d500000|  0%| F|  |TAMS 0x000000070d400000, 0x000000070d400000| Untracked 
| 203|0x000000070d500000, 0x000000070d500000, 0x000000070d600000|  0%| F|  |TAMS 0x000000070d500000, 0x000000070d500000| Untracked 
| 204|0x000000070d600000, 0x000000070d600000, 0x000000070d700000|  0%| F|  |TAMS 0x000000070d600000, 0x000000070d600000| Untracked 
| 205|0x000000070d700000, 0x000000070d700000, 0x000000070d800000|  0%| F|  |TAMS 0x000000070d700000, 0x000000070d700000| Untracked 
| 206|0x000000070d800000, 0x000000070d800000, 0x000000070d900000|  0%| F|  |TAMS 0x000000070d800000, 0x000000070d800000| Untracked 
| 207|0x000000070d900000, 0x000000070d900000, 0x000000070da00000|  0%| F|  |TAMS 0x000000070d900000, 0x000000070d900000| Untracked 
| 208|0x000000070da00000, 0x000000070da00000, 0x000000070db00000|  0%| F|  |TAMS 0x000000070da00000, 0x000000070da00000| Untracked 
| 209|0x000000070db00000, 0x000000070db00000, 0x000000070dc00000|  0%| F|  |TAMS 0x000000070db00000, 0x000000070db00000| Untracked 
| 210|0x000000070dc00000, 0x000000070dc00000, 0x000000070dd00000|  0%| F|  |TAMS 0x000000070dc00000, 0x000000070dc00000| Untracked 
| 211|0x000000070dd00000, 0x000000070dd00000, 0x000000070de00000|  0%| F|  |TAMS 0x000000070dd00000, 0x000000070dd00000| Untracked 
| 212|0x000000070de00000, 0x000000070de00000, 0x000000070df00000|  0%| F|  |TAMS 0x000000070de00000, 0x000000070de00000| Untracked 
| 213|0x000000070df00000, 0x000000070df00000, 0x000000070e000000|  0%| F|  |TAMS 0x000000070df00000, 0x000000070df00000| Untracked 
| 214|0x000000070e000000, 0x000000070e000000, 0x000000070e100000|  0%| F|  |TAMS 0x000000070e000000, 0x000000070e000000| Untracked 
| 215|0x000000070e100000, 0x000000070e100000, 0x000000070e200000|  0%| F|  |TAMS 0x000000070e100000, 0x000000070e100000| Untracked 
| 216|0x000000070e200000, 0x000000070e200000, 0x000000070e300000|  0%| F|  |TAMS 0x000000070e200000, 0x000000070e200000| Untracked 
| 217|0x000000070e300000, 0x000000070e300000, 0x000000070e400000|  0%| F|  |TAMS 0x000000070e300000, 0x000000070e300000| Untracked 
| 218|0x000000070e400000, 0x000000070e400000, 0x000000070e500000|  0%| F|  |TAMS 0x000000070e400000, 0x000000070e400000| Untracked 
| 219|0x000000070e500000, 0x000000070e500000, 0x000000070e600000|  0%| F|  |TAMS 0x000000070e500000, 0x000000070e500000| Untracked 
| 220|0x000000070e600000, 0x000000070e600000, 0x000000070e700000|  0%| F|  |TAMS 0x000000070e600000, 0x000000070e600000| Untracked 
| 221|0x000000070e700000, 0x000000070e700000, 0x000000070e800000|  0%| F|  |TAMS 0x000000070e700000, 0x000000070e700000| Untracked 
| 222|0x000000070e800000, 0x000000070e800000, 0x000000070e900000|  0%| F|  |TAMS 0x000000070e800000, 0x000000070e800000| Untracked 
| 223|0x000000070e900000, 0x000000070e900000, 0x000000070ea00000|  0%| F|  |TAMS 0x000000070e900000, 0x000000070e900000| Untracked 
| 224|0x000000070ea00000, 0x000000070ea00000, 0x000000070eb00000|  0%| F|  |TAMS 0x000000070ea00000, 0x000000070ea00000| Untracked 
| 225|0x000000070eb00000, 0x000000070eb00000, 0x000000070ec00000|  0%| F|  |TAMS 0x000000070eb00000, 0x000000070eb00000| Untracked 
| 226|0x000000070ec00000, 0x000000070ec00000, 0x000000070ed00000|  0%| F|  |TAMS 0x000000070ec00000, 0x000000070ec00000| Untracked 
| 227|0x000000070ed00000, 0x000000070ed00000, 0x000000070ee00000|  0%| F|  |TAMS 0x000000070ed00000, 0x000000070ed00000| Untracked 
| 228|0x000000070ee00000, 0x000000070ee00000, 0x000000070ef00000|  0%| F|  |TAMS 0x000000070ee00000, 0x000000070ee00000| Untracked 
| 229|0x000000070ef00000, 0x000000070ef00000, 0x000000070f000000|  0%| F|  |TAMS 0x000000070ef00000, 0x000000070ef00000| Untracked 
| 230|0x000000070f000000, 0x000000070f000000, 0x000000070f100000|  0%| F|  |TAMS 0x000000070f000000, 0x000000070f000000| Untracked 
| 231|0x000000070f100000, 0x000000070f100000, 0x000000070f200000|  0%| F|  |TAMS 0x000000070f100000, 0x000000070f100000| Untracked 
| 232|0x000000070f200000, 0x000000070f200000, 0x000000070f300000|  0%| F|  |TAMS 0x000000070f200000, 0x000000070f200000| Untracked 
| 233|0x000000070f300000, 0x000000070f300000, 0x000000070f400000|  0%| F|  |TAMS 0x000000070f300000, 0x000000070f300000| Untracked 
| 234|0x000000070f400000, 0x000000070f400000, 0x000000070f500000|  0%| F|  |TAMS 0x000000070f400000, 0x000000070f400000| Untracked 
| 235|0x000000070f500000, 0x000000070f500000, 0x000000070f600000|  0%| F|  |TAMS 0x000000070f500000, 0x000000070f500000| Untracked 
| 236|0x000000070f600000, 0x000000070f600000, 0x000000070f700000|  0%| F|  |TAMS 0x000000070f600000, 0x000000070f600000| Untracked 
| 237|0x000000070f700000, 0x000000070f700000, 0x000000070f800000|  0%| F|  |TAMS 0x000000070f700000, 0x000000070f700000| Untracked 
| 238|0x000000070f800000, 0x000000070f800000, 0x000000070f900000|  0%| F|  |TAMS 0x000000070f800000, 0x000000070f800000| Untracked 
| 239|0x000000070f900000, 0x000000070f900000, 0x000000070fa00000|  0%| F|  |TAMS 0x000000070f900000, 0x000000070f900000| Untracked 
| 240|0x000000070fa00000, 0x000000070fa00000, 0x000000070fb00000|  0%| F|  |TAMS 0x000000070fa00000, 0x000000070fa00000| Untracked 
| 241|0x000000070fb00000, 0x000000070fb7b820, 0x000000070fc00000| 48%| E|  |TAMS 0x000000070fb00000, 0x000000070fb00000| Complete 
| 242|0x000000070fc00000, 0x000000070fd00000, 0x000000070fd00000|100%| E|CS|TAMS 0x000000070fc00000, 0x000000070fc00000| Complete 
| 243|0x000000070fd00000, 0x000000070fe00000, 0x000000070fe00000|100%| E|CS|TAMS 0x000000070fd00000, 0x000000070fd00000| Complete 
| 244|0x000000070fe00000, 0x000000070ff00000, 0x000000070ff00000|100%| E|CS|TAMS 0x000000070fe00000, 0x000000070fe00000| Complete 
| 245|0x000000070ff00000, 0x0000000710000000, 0x0000000710000000|100%| E|CS|TAMS 0x000000070ff00000, 0x000000070ff00000| Complete 
| 246|0x0000000710000000, 0x0000000710100000, 0x0000000710100000|100%| E|CS|TAMS 0x0000000710000000, 0x0000000710000000| Complete 
| 247|0x0000000710100000, 0x0000000710200000, 0x0000000710200000|100%| E|CS|TAMS 0x0000000710100000, 0x0000000710100000| Complete 
| 248|0x0000000710200000, 0x0000000710300000, 0x0000000710300000|100%| E|CS|TAMS 0x0000000710200000, 0x0000000710200000| Complete 
| 249|0x0000000710300000, 0x0000000710400000, 0x0000000710400000|100%| E|  |TAMS 0x0000000710300000, 0x0000000710300000| Complete 
| 250|0x0000000710400000, 0x0000000710500000, 0x0000000710500000|100%| E|CS|TAMS 0x0000000710400000, 0x0000000710400000| Complete 
| 251|0x0000000710500000, 0x0000000710600000, 0x0000000710600000|100%| E|CS|TAMS 0x0000000710500000, 0x0000000710500000| Complete 
| 252|0x0000000710600000, 0x0000000710700000, 0x0000000710700000|100%| E|CS|TAMS 0x0000000710600000, 0x0000000710600000| Complete 
| 253|0x0000000710700000, 0x0000000710800000, 0x0000000710800000|100%| E|CS|TAMS 0x0000000710700000, 0x0000000710700000| Complete 
| 254|0x0000000710800000, 0x0000000710900000, 0x0000000710900000|100%| E|CS|TAMS 0x0000000710800000, 0x0000000710800000| Complete 
| 255|0x0000000710900000, 0x0000000710a00000, 0x0000000710a00000|100%| E|CS|TAMS 0x0000000710900000, 0x0000000710900000| Complete 

Card table byte_map: [0x0000028117650000,0x0000028117e50000] _byte_map_base: 0x0000028113e4b000

Marking Bits (Prev, Next): (CMBitMap*) 0x000002817f1e45a8, (CMBitMap*) 0x000002817f1e45e0
 Prev Bits: [0x0000028118650000, 0x000002811c628000)
 Next Bits: [0x000002811c630000, 0x0000028120608000)

Polling page: 0x000002817cf00000

Metaspace:

Usage:
  Non-class:     11.77 MB capacity,    11.66 MB (>99%) used,    91.79 KB ( <1%) free+waste,    20.06 KB ( <1%) overhead. 
      Class:    975.00 KB capacity,   896.77 KB ( 92%) used,    68.98 KB (  7%) free+waste,     9.25 KB ( <1%) overhead. 
       Both:     12.72 MB capacity,    12.54 MB ( 99%) used,   160.77 KB (  1%) free+waste,    29.31 KB ( <1%) overhead. 

Virtual space:
  Non-class space:       12.00 MB reserved,      12.00 MB (100%) committed 
      Class space:        1.00 GB reserved,       1.00 MB ( <1%) committed 
             Both:        1.01 GB reserved,      13.00 MB (  1%) committed 

Chunk freelists:
   Non-Class:  45.00 KB
       Class:  0 bytes
        Both:  45.00 KB

MaxMetaspaceSize: 17179869184.00 GB
CompressedClassSpaceSize: 1.00 GB
Initial GC threshold: 20.80 MB
Current GC threshold: 20.80 MB
CDS: off

CodeHeap 'non-profiled nmethods': size=120000Kb used=278Kb max_used=278Kb free=119721Kb
 bounds [0x0000028110120000, 0x0000028110390000, 0x0000028117650000]
CodeHeap 'profiled nmethods': size=120000Kb used=1512Kb max_used=1512Kb free=118487Kb
 bounds [0x0000028108bf0000, 0x0000028108e60000, 0x0000028110120000]
CodeHeap 'non-nmethods': size=5760Kb used=1745Kb max_used=1757Kb free=4014Kb
 bounds [0x0000028108650000, 0x00000281088c0000, 0x0000028108bf0000]
 total_blobs=2124 nmethods=931 adapters=1106
 compilation: enabled
              stopped_count=0, restarted_count=0
 full_count=0

Compilation events (20 events):
Event: 2.945 Thread 0x0000028123cbc800 nmethod 920 0x0000028110164b10 code [0x0000028110164cc0, 0x0000028110164e98]
Event: 2.947 Thread 0x0000028123cbc800  921       4       java.nio.ByteBuffer::position (8 bytes)
Event: 2.948 Thread 0x0000028123cbc800 nmethod 921 0x0000028110165090 code [0x0000028110165220, 0x00000281101652d8]
Event: 3.009 Thread 0x0000028123cca000  922       3       java.lang.String::indexOf (113 bytes)
Event: 3.010 Thread 0x0000028123cca000 nmethod 922 0x0000028108d64890 code [0x0000028108d64b20, 0x0000028108d65548]
Event: 3.013 Thread 0x0000028123cbc800  923       4       java.util.concurrent.ConcurrentHashMap::tabAt (22 bytes)
Event: 3.013 Thread 0x0000028123cbc800 nmethod 923 0x0000028110165410 code [0x00000281101655a0, 0x00000281101655f8]
Event: 3.014 Thread 0x0000028123cca000  924       3       java.util.jar.Attributes::getValue (9 bytes)
Event: 3.014 Thread 0x0000028123cca000 nmethod 924 0x0000028108d65990 code [0x0000028108d65b60, 0x0000028108d65e88]
Event: 3.014 Thread 0x0000028123cca000  925       3       java.util.jar.Attributes::get (11 bytes)
Event: 3.014 Thread 0x0000028123cca000 nmethod 925 0x0000028108d65f90 code [0x0000028108d66140, 0x0000028108d66308]
Event: 3.015 Thread 0x0000028123cca000  926       3       java.util.zip.ZipFile$Source::getEntryPos (9 bytes)
Event: 3.015 Thread 0x0000028123cca000 nmethod 926 0x0000028108d66410 code [0x0000028108d665c0, 0x0000028108d666f8]
Event: 3.015 Thread 0x0000028123cca000  928       3       java.util.WeakHashMap::remove (133 bytes)
Event: 3.016 Thread 0x0000028123cca000 nmethod 928 0x0000028108d66810 code [0x0000028108d66a60, 0x0000028108d67568]
Event: 3.016 Thread 0x0000028123cca000  927       3       java.util.Collections$SetFromMap::remove (19 bytes)
Event: 3.016 Thread 0x0000028123cca000 nmethod 927 0x0000028108d67910 code [0x0000028108d67ae0, 0x0000028108d67d08]
Event: 3.018 Thread 0x0000028123cbc800  929       4       java.lang.String::checkBoundsBeginEnd (60 bytes)
Event: 3.018 Thread 0x0000028123cca000  930       3       sun.net.util.URLUtil::urlNoFragString (114 bytes)
Event: 3.018 Thread 0x0000028123cbc800 nmethod 929 0x0000028110165710 code [0x00000281101658a0, 0x0000028110165938]

GC Heap History (0 events):
No events

Deoptimization events (20 events):
Event: 0.093 Thread 0x000002817f17e800 DEOPT PACKING pc=0x0000028110121114 sp=0x000000ceabaff070
Event: 0.093 Thread 0x000002817f17e800 DEOPT UNPACKING pc=0x000002810869a1af sp=0x000000ceabafefb0 mode 2
Event: 0.094 Thread 0x000002817f17e800 Uncommon trap: trap_request=0xffffff4d fr.pc=0x0000028110124c20 relative=0x0000000000000200
Event: 0.094 Thread 0x000002817f17e800 Uncommon trap: reason=unstable_if action=reinterpret pc=0x0000028110124c20 method=java.lang.String.hashCode()I @ 14 c2
Event: 0.094 Thread 0x000002817f17e800 DEOPT PACKING pc=0x0000028110124c20 sp=0x000000ceabafd8b0
Event: 0.094 Thread 0x000002817f17e800 DEOPT UNPACKING pc=0x000002810869a1af sp=0x000000ceabafd848 mode 2
Event: 1.463 Thread 0x000002817f17e800 DEOPT PACKING pc=0x0000028108c6e9e8 sp=0x000000ceabafe240
Event: 1.463 Thread 0x000002817f17e800 DEOPT UNPACKING pc=0x000002810869a95e sp=0x000000ceabafd6b0 mode 0
Event: 1.471 Thread 0x000002817f17e800 Uncommon trap: trap_request=0xffffff5c fr.pc=0x0000028110146800 relative=0x0000000000000060
Event: 1.471 Thread 0x000002817f17e800 Uncommon trap: reason=speculate_null_assert action=make_not_entrant pc=0x0000028110146800 method=sun.misc.Unsafe.putLong(Ljava/lang/Object;JJ)V @ 7 c2
Event: 1.471 Thread 0x000002817f17e800 DEOPT PACKING pc=0x0000028110146800 sp=0x000000ceabaff150
Event: 1.471 Thread 0x000002817f17e800 DEOPT UNPACKING pc=0x000002810869a1af sp=0x000000ceabaff0c8 mode 2
Event: 1.473 Thread 0x000002817f17e800 Uncommon trap: trap_request=0xffffff5c fr.pc=0x00000281101478f8 relative=0x0000000000000058
Event: 1.473 Thread 0x000002817f17e800 Uncommon trap: reason=speculate_null_assert action=make_not_entrant pc=0x00000281101478f8 method=sun.misc.Unsafe.getLong(Ljava/lang/Object;J)J @ 5 c2
Event: 1.473 Thread 0x000002817f17e800 DEOPT PACKING pc=0x00000281101478f8 sp=0x000000ceabaff270
Event: 1.473 Thread 0x000002817f17e800 DEOPT UNPACKING pc=0x000002810869a1af sp=0x000000ceabaff1f8 mode 2
Event: 1.674 Thread 0x000002817f17e800 DEOPT PACKING pc=0x0000028108ca8942 sp=0x000000ceabafb8d0
Event: 1.674 Thread 0x000002817f17e800 DEOPT UNPACKING pc=0x000002810869a95e sp=0x000000ceabafad38 mode 0
Event: 1.690 Thread 0x000002817f17e800 DEOPT PACKING pc=0x0000028108c4e9d0 sp=0x000000ceabafb110
Event: 1.690 Thread 0x000002817f17e800 DEOPT UNPACKING pc=0x000002810869a95e sp=0x000000ceabafa598 mode 0

Classes redefined (0 events):
No events

Internal exceptions (20 events):
Event: 1.385 Thread 0x000002817f17e800 Exception <a 'java/lang/NoSuchMethodError'{0x0000000710430eb0}: 'void java.lang.invoke.DirectMethodHandle$Holder.invokeStaticInit(java.lang.Object, long, double, double)'> (0x0000000710430eb0) thrown at [./src/hotspot/share/interpreter/linkResolver.cpp, line 773]
Event: 1.387 Thread 0x000002817f17e800 Exception <a 'java/lang/NoSuchMethodError'{0x000000071043f490}: 'void java.lang.invoke.DirectMethodHandle$Holder.invokeStaticInit(java.lang.Object, long, int, int, int)'> (0x000000071043f490) thrown at [./src/hotspot/share/interpreter/linkResolver.cpp, line 773]
Event: 1.391 Thread 0x000002817f17e800 Exception <a 'java/lang/NoSuchMethodError'{0x0000000710457700}: 'void java.lang.invoke.DirectMethodHandle$Holder.invokeStaticInit(java.lang.Object, long, int, int, int, int)'> (0x0000000710457700) thrown at [./src/hotspot/share/interpreter/linkResolver.cpp, line 773]
Event: 1.430 Thread 0x000002817f17e800 Exception <a 'sun/nio/fs/WindowsException'{0x0000000710481340}> (0x0000000710481340) thrown at [./src/hotspot/share/prims/jni.cpp, line 616]
Event: 1.430 Thread 0x000002817f17e800 Exception <a 'sun/nio/fs/WindowsException'{0x0000000710481640}> (0x0000000710481640) thrown at [./src/hotspot/share/prims/jni.cpp, line 616]
Event: 1.431 Thread 0x000002817f17e800 Exception <a 'sun/nio/fs/WindowsException'{0x00000007104820f8}> (0x00000007104820f8) thrown at [./src/hotspot/share/prims/jni.cpp, line 616]
Event: 1.431 Thread 0x000002817f17e800 Exception <a 'sun/nio/fs/WindowsException'{0x0000000710485fd0}> (0x0000000710485fd0) thrown at [./src/hotspot/share/prims/jni.cpp, line 616]
Event: 1.459 Thread 0x000002817f17e800 Exception <a 'sun/nio/fs/WindowsException'{0x0000000710488da8}> (0x0000000710488da8) thrown at [./src/hotspot/share/prims/jni.cpp, line 616]
Event: 1.459 Thread 0x000002817f17e800 Exception <a 'sun/nio/fs/WindowsException'{0x0000000710489158}> (0x0000000710489158) thrown at [./src/hotspot/share/prims/jni.cpp, line 616]
Event: 1.464 Thread 0x000002817f17e800 Exception <a 'sun/nio/fs/WindowsException'{0x000000071049d068}> (0x000000071049d068) thrown at [./src/hotspot/share/prims/jni.cpp, line 616]
Event: 1.464 Thread 0x000002817f17e800 Exception <a 'sun/nio/fs/WindowsException'{0x000000071049d350}> (0x000000071049d350) thrown at [./src/hotspot/share/prims/jni.cpp, line 616]
Event: 1.552 Thread 0x000002817f17e800 Exception <a 'sun/nio/fs/WindowsException'{0x00000007102eb250}> (0x00000007102eb250) thrown at [./src/hotspot/share/prims/jni.cpp, line 616]
Event: 1.552 Thread 0x000002817f17e800 Exception <a 'sun/nio/fs/WindowsException'{0x00000007102eb540}> (0x00000007102eb540) thrown at [./src/hotspot/share/prims/jni.cpp, line 616]
Event: 1.552 Thread 0x000002817f17e800 Exception <a 'sun/nio/fs/WindowsException'{0x00000007102ec0b8}> (0x00000007102ec0b8) thrown at [./src/hotspot/share/prims/jni.cpp, line 616]
Event: 1.553 Thread 0x000002817f17e800 Exception <a 'sun/nio/fs/WindowsException'{0x00000007102f3320}> (0x00000007102f3320) thrown at [./src/hotspot/share/prims/jni.cpp, line 616]
Event: 1.585 Thread 0x000002817f17e800 Exception <a 'sun/nio/fs/WindowsException'{0x00000007102f60b8}> (0x00000007102f60b8) thrown at [./src/hotspot/share/prims/jni.cpp, line 616]
Event: 1.585 Thread 0x000002817f17e800 Exception <a 'sun/nio/fs/WindowsException'{0x00000007102f6440}> (0x00000007102f6440) thrown at [./src/hotspot/share/prims/jni.cpp, line 616]
Event: 2.886 Thread 0x000002817f17e800 Exception <a 'java/lang/NoSuchMethodError'{0x000000070fdf9b80}: 'int java.lang.invoke.DirectMethodHandle$Holder.invokeSpecial(java.lang.Object, java.lang.Object, int, long)'> (0x000000070fdf9b80) thrown at [./src/hotspot/share/interpreter/linkResolver.cpp, line 773]
Event: 2.890 Thread 0x000002817f17e800 Exception <a 'java/lang/NoSuchMethodError'{0x000000070fc174e0}: 'java.lang.Object java.lang.invoke.DirectMethodHandle$Holder.invokeSpecial(java.lang.Object, java.lang.Object, long)'> (0x000000070fc174e0) thrown at [./src/hotspot/share/interpreter/linkResolver.cpp, line 773]
Event: 2.909 Thread 0x000002817f17e800 Exception <a 'sun/nio/fs/WindowsException'{0x000000070fcf3e10}> (0x000000070fcf3e10) thrown at [./src/hotspot/share/prims/jni.cpp, line 616]

Events (20 events):
Event: 3.016 loading class imgui/callback/ImPlatformFuncViewport
Event: 3.016 loading class imgui/callback/ImPlatformFuncViewport done
Event: 3.016 loading class imgui/callback/ImPlatformFuncViewportFloat
Event: 3.016 loading class imgui/callback/ImPlatformFuncViewportFloat done
Event: 3.017 loading class imgui/callback/ImPlatformFuncViewportImVec2
Event: 3.017 loading class imgui/callback/ImPlatformFuncViewportImVec2 done
Event: 3.017 loading class imgui/callback/ImPlatformFuncViewportString
Event: 3.017 loading class imgui/callback/ImPlatformFuncViewportString done
Event: 3.017 loading class imgui/callback/ImPlatformFuncViewportSuppImVec2
Event: 3.017 loading class imgui/callback/ImPlatformFuncViewportSuppImVec2 done
Event: 3.017 loading class imgui/callback/ImPlatformFuncViewportSuppBoolean
Event: 3.017 loading class imgui/callback/ImPlatformFuncViewportSuppBoolean done
Event: 3.018 loading class imgui/callback/ImPlatformFuncViewportSuppFloat
Event: 3.018 loading class imgui/callback/ImPlatformFuncViewportSuppFloat done
Event: 3.018 loading class imgui/extension/imguifiledialog/callback/ImGuiFileDialogPaneFun
Event: 3.018 loading class imgui/extension/imguifiledialog/callback/ImGuiFileDialogPaneFun done
Event: 3.018 loading class imgui/type/ImString$InputData
Event: 3.018 loading class imgui/type/ImString$InputData done
Event: 3.018 loading class imgui/type/ImString
Event: 3.018 loading class imgui/type/ImString done


Dynamic libraries:
0x00007ff64fd40000 - 0x00007ff64fd4d000 	C:\Users\mynam\.jdks\corretto-11.0.13\bin\java.exe
0x00007ff8024b0000 - 0x00007ff8026a5000 	C:\Windows\SYSTEM32\ntdll.dll
0x00007ff800f50000 - 0x00007ff80100e000 	C:\Windows\System32\KERNEL32.DLL
0x00007fffffd20000 - 0x00007ffffffe8000 	C:\Windows\System32\KERNELBASE.dll
0x00007ff8000b0000 - 0x00007ff8001b0000 	C:\Windows\System32\ucrtbase.dll
0x00007ffff8010000 - 0x00007ffff8027000 	C:\Users\mynam\.jdks\corretto-11.0.13\bin\jli.dll
0x00007ffff8030000 - 0x00007ffff8049000 	C:\Users\mynam\.jdks\corretto-11.0.13\bin\VCRUNTIME140.dll
0x00007ff801ca0000 - 0x00007ff801e40000 	C:\Windows\System32\USER32.dll
0x00007fffedf60000 - 0x00007fffee1fa000 	C:\Windows\WinSxS\amd64_microsoft.windows.common-controls_6595b64144ccf1df_6.0.19041.1110_none_60b5254171f9507e\COMCTL32.dll
0x00007ff800050000 - 0x00007ff800072000 	C:\Windows\System32\win32u.dll
0x00007ff8013c0000 - 0x00007ff80145e000 	C:\Windows\System32\msvcrt.dll
0x00007ff800dc0000 - 0x00007ff800deb000 	C:\Windows\System32\GDI32.dll
0x00007ff800310000 - 0x00007ff80041d000 	C:\Windows\System32\gdi32full.dll
0x00007fffffc80000 - 0x00007fffffd1d000 	C:\Windows\System32\msvcp_win.dll
0x00007ff801460000 - 0x00007ff801490000 	C:\Windows\System32\IMM32.DLL
0x00007fffdd9b0000 - 0x00007fffdda4b000 	C:\Users\mynam\.jdks\corretto-11.0.13\bin\msvcp140.dll
0x00007fff6dcf0000 - 0x00007fff6e86f000 	C:\Users\mynam\.jdks\corretto-11.0.13\bin\server\jvm.dll
0x00007ff801490000 - 0x00007ff80153e000 	C:\Windows\System32\ADVAPI32.dll
0x00007ff8015a0000 - 0x00007ff80163c000 	C:\Windows\System32\sechost.dll
0x00007ff801080000 - 0x00007ff8011a5000 	C:\Windows\System32\RPCRT4.dll
0x00007ff800660000 - 0x00007ff800668000 	C:\Windows\System32\PSAPI.DLL
0x00007fff9b3a0000 - 0x00007fff9b3a9000 	C:\Windows\SYSTEM32\WSOCK32.dll
0x00007ffff2400000 - 0x00007ffff2427000 	C:\Windows\SYSTEM32\WINMM.dll
0x00007ff801010000 - 0x00007ff80107b000 	C:\Windows\System32\WS2_32.dll
0x00007ffff9da0000 - 0x00007ffff9daa000 	C:\Windows\SYSTEM32\VERSION.dll
0x00007ffffdac0000 - 0x00007ffffdad2000 	C:\Windows\SYSTEM32\kernel.appcore.dll
0x00007ffff8000000 - 0x00007ffff8010000 	C:\Users\mynam\.jdks\corretto-11.0.13\bin\verify.dll
0x00007fffef520000 - 0x00007fffef704000 	C:\Windows\SYSTEM32\DBGHELP.DLL
0x00007fffe9140000 - 0x00007fffe916c000 	C:\Windows\SYSTEM32\dbgcore.DLL
0x00007ff800420000 - 0x00007ff8004a2000 	C:\Windows\System32\bcryptPrimitives.dll
0x00007ffff7fd0000 - 0x00007ffff7ff8000 	C:\Users\mynam\.jdks\corretto-11.0.13\bin\java.dll
0x00007ffff7fc0000 - 0x00007ffff7fca000 	C:\Users\mynam\.jdks\corretto-11.0.13\bin\jimage.dll
0x00007ffff6890000 - 0x00007ffff68a7000 	C:\Users\mynam\.jdks\corretto-11.0.13\bin\zip.dll
0x00007ff800670000 - 0x00007ff800db4000 	C:\Windows\System32\SHELL32.dll
0x00007ffffdcc0000 - 0x00007ffffe454000 	C:\Windows\SYSTEM32\windows.storage.dll
0x00007ff801e40000 - 0x00007ff802195000 	C:\Windows\System32\combase.dll
0x00007fffff600000 - 0x00007fffff62e000 	C:\Windows\SYSTEM32\Wldp.dll
0x00007ff800500000 - 0x00007ff8005ad000 	C:\Windows\System32\SHCORE.dll
0x00007ff801540000 - 0x00007ff801595000 	C:\Windows\System32\shlwapi.dll
0x00007fffffaf0000 - 0x00007fffffb0f000 	C:\Windows\SYSTEM32\profapi.dll
0x00007ffff6870000 - 0x00007ffff6889000 	C:\Users\mynam\.jdks\corretto-11.0.13\bin\net.dll
0x00007ffff96a0000 - 0x00007ffff97ac000 	C:\Windows\SYSTEM32\WINHTTP.dll
0x00007fffff360000 - 0x00007fffff3ca000 	C:\Windows\system32\mswsock.dll
0x00007ffff6310000 - 0x00007ffff6322000 	C:\Users\mynam\.jdks\corretto-11.0.13\bin\nio.dll
0x00007fffdcbd0000 - 0x00007fffdcc41000 	C:\Users\mynam\AppData\Local\Temp\lwjglmynam\3.3.0-SNAPSHOT\lwjgl.dll
0x00007fff68a60000 - 0x00007fff68ac1000 	C:\Users\mynam\AppData\Local\Temp\lwjglmynam\3.3.0-SNAPSHOT\glfw.dll
0x00007fff69ef0000 - 0x00007fff69f35000 	C:\Windows\SYSTEM32\dinput8.dll
0x00007ffff5650000 - 0x00007ffff5661000 	C:\Windows\SYSTEM32\xinput1_4.dll
0x00007ff8004b0000 - 0x00007ff8004fe000 	C:\Windows\System32\cfgmgr32.dll
0x00007fffff950000 - 0x00007fffff984000 	C:\Windows\SYSTEM32\DEVOBJ.dll
0x00007ffffd7d0000 - 0x00007ffffd7ff000 	C:\Windows\SYSTEM32\dwmapi.dll
0x00007fffef8c0000 - 0x00007fffefa12000 	C:\Windows\SYSTEM32\inputhost.dll
0x00007ff801740000 - 0x00007ff80180d000 	C:\Windows\System32\OLEAUT32.dll
0x00007ffffd0e0000 - 0x00007ffffd1d2000 	C:\Windows\SYSTEM32\CoreMessaging.dll
0x00007ffffb760000 - 0x00007ffffb8b4000 	C:\Windows\SYSTEM32\wintypes.dll
0x00007ffffb3f0000 - 0x00007ffffb4e6000 	C:\Windows\SYSTEM32\PROPSYS.dll
0x00007ffffca00000 - 0x00007ffffcd5e000 	C:\Windows\SYSTEM32\CoreUIComponents.dll
0x00007ffffe8a0000 - 0x00007ffffe8d3000 	C:\Windows\SYSTEM32\ntmarta.dll
0x00007ffffd590000 - 0x00007ffffd62e000 	C:\Windows\system32\uxtheme.dll
0x00007ff802350000 - 0x00007ff802466000 	C:\Windows\System32\MSCTF.dll
0x00007fffddb60000 - 0x00007fffddc85000 	C:\Windows\SYSTEM32\opengl32.dll
0x00007ffff7140000 - 0x00007ffff716c000 	C:\Windows\SYSTEM32\GLU32.dll
0x00007ff8005b0000 - 0x00007ff800659000 	C:\Windows\System32\clbcatq.dll
0x00007fff4b6d0000 - 0x00007fff4e68f000 	C:\Windows\System32\DriverStore\FileRepository\nv_dispi.inf_amd64_0bc9105c62ca22fb\nvoglv64.dll
0x00007ff801820000 - 0x00007ff801c92000 	C:\Windows\System32\SETUPAPI.dll
0x00007ff800080000 - 0x00007ff8000a7000 	C:\Windows\System32\bcrypt.dll
0x00007ff801290000 - 0x00007ff8013ba000 	C:\Windows\System32\ole32.dll
0x00007ffffb680000 - 0x00007ffffb694000 	C:\Windows\SYSTEM32\WTSAPI32.dll
0x00007fffff570000 - 0x00007fffff57c000 	C:\Windows\SYSTEM32\CRYPTBASE.DLL
0x00007fffff790000 - 0x00007fffff7a2000 	C:\Windows\SYSTEM32\msasn1.dll
0x00007ffff9470000 - 0x00007ffff94a1000 	C:\Windows\SYSTEM32\cryptnet.dll
0x00007ff8001b0000 - 0x00007ff800306000 	C:\Windows\System32\CRYPT32.dll
0x00007ffff6d10000 - 0x00007ffff6e5a000 	C:\Windows\SYSTEM32\drvstore.dll
0x00007fffffb60000 - 0x00007fffffbc9000 	C:\Windows\System32\WINTRUST.dll
0x00007ffff7960000 - 0x00007ffff799b000 	C:\Windows\SYSTEM32\dxcore.dll
0x00007fff6e870000 - 0x00007fff6eb35000 	C:\Windows\system32\nvspcap64.dll
0x00007fffff120000 - 0x00007fffff16b000 	C:\Windows\SYSTEM32\powrprof.dll
0x00007ffffefe0000 - 0x00007ffffeff2000 	C:\Windows\SYSTEM32\UMPDC.dll
0x00007ffffe910000 - 0x00007ffffe96a000 	C:\Windows\SYSTEM32\WINSTA.dll
0x00007fffefa20000 - 0x00007fffefb19000 	C:\Windows\SYSTEM32\textinputframework.dll
0x00007fff68a00000 - 0x00007fff68a5d000 	C:\Users\mynam\AppData\Local\Temp\lwjglmynam\3.3.0-SNAPSHOT\lwjgl_opengl.dll
0x00007fff68980000 - 0x00007fff689f7000 	C:\Users\mynam\AppData\Local\Temp\lwjglmynam\3.3.0-SNAPSHOT\lwjgl_stb.dll
0x0000000064a00000 - 0x000000006580f000 	C:\Users\mynam\AppData\Local\Temp\imgui-java-natives_1645374093844\imgui-java64.dll

dbghelp: loaded successfully - version: 4.0.5 - missing functions: none
symbol engine: initialized successfully - sym options: 0x614 - pdb path: .;C:\Users\mynam\.jdks\corretto-11.0.13\bin;C:\Windows\SYSTEM32;C:\Windows\WinSxS\amd64_microsoft.windows.common-controls_6595b64144ccf1df_6.0.19041.1110_none_60b5254171f9507e;C:\Users\mynam\.jdks\corretto-11.0.13\bin\server;C:\Users\mynam\AppData\Local\Temp\lwjglmynam\3.3.0-SNAPSHOT;C:\Windows\System32\DriverStore\FileRepository\nv_dispi.inf_amd64_0bc9105c62ca22fb;C:\Users\mynam\AppData\Local\Temp\imgui-java-natives_1645374093844

VM Arguments:
jvm_args: -Dfile.encoding=windows-1252 -Duser.country=GB -Duser.language=en -Duser.variant -ea 
java_command: Main java.library.path=libs
java_class_path (initial): D:\Code\2D Game Engine\build\classes\java\main;D:\Code\2D Game Engine\build\resources\main;D:\Code\2D Game Engine\libs\imgui-app-1.86.2-sources.jar;D:\Code\2D Game Engine\libs\imgui-app-1.86.2.jar;D:\Code\2D Game Engine\libs\imgui-binding-1.86.2-sources.jar;D:\Code\2D Game Engine\libs\imgui-binding-1.86.2.jar;C:\Users\mynam\.gradle\caches\modules-2\files-2.1\org.lwjgl\lwjgl-assimp\3.2.3\f62aa07a20afbdd3097efc296c4841e0d29700eb\lwjgl-assimp-3.2.3.jar;C:\Users\mynam\.gradle\caches\modules-2\files-2.1\org.lwjgl\lwjgl-assimp\3.2.3\4e60aeb75f0343c4a9ede4ef8b6b32ca702a00a3\lwjgl-assimp-3.2.3-natives-windows.jar;C:\Users\mynam\.gradle\caches\modules-2\files-2.1\org.lwjgl\lwjgl-glfw\3.2.3\5e520d5c290c8b012545a8d34fa5db5ab051ea53\lwjgl-glfw-3.2.3.jar;C:\Users\mynam\.gradle\caches\modules-2\files-2.1\org.lwjgl\lwjgl-glfw\3.2.3\b4d8a3477cdc2edcf7a5f1e822926be846223f54\lwjgl-glfw-3.2.3-natives-windows.jar;C:\Users\mynam\.gradle\caches\modules-2\files-2.1\org.lwjgl\lwjgl-nfd\3.2.3\c44fee1043c022cf6614a28872d44cf114ca7737\lwjgl-nfd-3.2.3.jar;C:\Users\mynam\.gradle\caches\modules-2\files-2.1\org.lwjgl\lwjgl-nfd\3.2.3\32782f5f5c57769efb82af864e70b819c77bc891\lwjgl-nfd-3.2.3-natives-windows.jar;C:\Users\mynam\.gradle\caches\modules-2\files-2.1\org.lwjgl\lwjgl-openal\3.2.3\106742e805803ab9eab8e343f0fb31a3d263903c\lwjgl-openal-3.2.3.jar;C:\Users\mynam\.gradle\caches\modules-2\files-2.1\org.lwjgl\lwjgl-openal\3.2.3\ec898e8ce11b5886f4f532a1536283ef2817758d\lwjgl-openal-3.2.3-natives-windows.jar;C:\Users\mynam\.gradle\caches\modules-2\files-2.1\org.lwjgl\lwjgl-opengl\3.2.3\bdd534a323d0c8f54969b95e424b6ac8984f7d6e\lwjgl-opengl-3.2.3.jar;C:\Users\mynam\.gradle\caches\modules-2\files-2.1\org.lwjgl\lwjgl-opengl\3.2.3\e81cfc73ec8708e5e791ed770e4ec3edfc1bbab1\lwjgl-opengl-3.2.3-natives-windows.jar;C:\Users\mynam\.gradle\caches\modules-2\files-2.1\org.lwjgl\lwjgl-stb\3.2.3\40eccaa4fa86fc815f2e17946a392fb5fdcc286a\lwjgl-stb-3.2.3.jar;C:\Users\mynam\.gradle\caches\mod
Launcher Type: SUN_STANDARD

[Global flags]
     intx CICompilerCount                          = 4                                         {product} {ergonomic}
     uint ConcGCThreads                            = 3                                         {product} {ergonomic}
     uint G1ConcRefinementThreads                  = 10                                        {product} {ergonomic}
   size_t G1HeapRegionSize                         = 1048576                                   {product} {ergonomic}
    uintx GCDrainStackTargetSize                   = 64                                        {product} {ergonomic}
   size_t InitialHeapSize                          = 268435456                                 {product} {ergonomic}
   size_t MarkStackSize                            = 4194304                                   {product} {ergonomic}
   size_t MaxHeapSize                              = 4284481536                                {product} {ergonomic}
   size_t MaxNewSize                               = 2570059776                                {product} {ergonomic}
   size_t MinHeapDeltaBytes                        = 1048576                                   {product} {ergonomic}
    uintx NonNMethodCodeHeapSize                   = 5836300                                {pd product} {ergonomic}
    uintx NonProfiledCodeHeapSize                  = 122910970                              {pd product} {ergonomic}
    uintx ProfiledCodeHeapSize                     = 122910970                              {pd product} {ergonomic}
    uintx ReservedCodeCacheSize                    = 251658240                              {pd product} {ergonomic}
     bool SegmentedCodeCache                       = true                                      {product} {ergonomic}
     bool UseCompressedClassPointers               = true                                 {lp64_product} {ergonomic}
     bool UseCompressedOops                        = true                                 {lp64_product} {ergonomic}
     bool UseG1GC                                  = true                                      {product} {ergonomic}
     bool UseLargePagesIndividualAllocation        = false                                  {pd product} {ergonomic}

Logging:
Log output configuration:
 #0: stdout all=warning uptime,level,tags
 #1: stderr all=off uptime,level,tags

Environment Variables:
PATH=C:\Program Files (x86)\Common Files\Oracle\Java\javapath;C:\Windows\system32;C:\Windows;C:\Windows\System32\Wbem;C:\Windows\System32\WindowsPowerShell\v1.0\;C:\Windows\System32\OpenSSH\;C:\Program Files\NVIDIA Corporation\NVIDIA NvDLISR;C:\Program Files (x86)\NVIDIA Corporation\PhysX\Common;C:\Program Files\Git\cmd;C:\Program Files\Microsoft SQL Server\150\Tools\Binn\;C:\Program Files\dotnet\;C:\Program Files\nodejs\;C:\Users\mynam\AppData\Local\Programs\Python\Python310\Scripts\;C:\Users\mynam\AppData\Local\Programs\Python\Python310\;C:\Ruby31-x64\bin;C:\Users\mynam\.cargo\bin;C:\Users\mynam\AppData\Local\Microsoft\WindowsApps;C:\Users\mynam\AppData\Local\Programs\Microsoft VS Code\bin;C:\Users\mynam\AppData\Local\GitHubDesktop\bin;C:\Users\mynam\.dotnet\tools;C:\Users\mynam\AppData\Roaming\npm
USERNAME=mynam
OS=Windows_NT
PROCESSOR_IDENTIFIER=AMD64 Family 23 Model 1 Stepping 1, AuthenticAMD



---------------  S Y S T E M  ---------------

OS: Windows 10 , 64 bit Build 19041 (10.0.19041.1503)
OS uptime: 7 days 23:03 hours

CPU:total 12 (initial active 12) (12 cores per cpu, 2 threads per core) family 23 model 1 stepping 1 microcode 0x0, cmov, cx8, fxsr, mmx, sse, sse2, sse3, ssse3, sse4.1, sse4.2, popcnt, avx, avx2, aes, clmul, mmxext, 3dnowpref, lzcnt, sse4a, ht, tsc, tscinvbit, tscinv, bmi1, bmi2, adx, sha, fma

Memory: 4k page, system-wide physical 16336M (6636M free)
TotalPageFile size 22480M (AvailPageFile size 6163M)
current process WorkingSet (physical memory assigned to process): 112M, peak: 112M
current process commit charge ("private bytes"): 432M, peak: 432M

vm_info: OpenJDK 64-Bit Server VM (11.0.13+8-LTS) for windows-amd64 JRE (11.0.13+8-LTS), built on Oct 13 2021 21:32:06 by "Administrator" with unknown MS VC++:1916

END.
